[1.072s] [34mcolcon[0m [1;30mDEBUG[0m [32mCommand line arguments: ['/usr/bin/colcon', 'build', '--symlink-install'][0m
[1.073s] [34mcolcon[0m [1;30mDEBUG[0m [32mParsed command line arguments: Namespace(log_base=None, log_level=None, verb_name='build', build_base='build', install_base='install', merge_install=False, symlink_install=True, test_result_base=None, continue_on_error=False, executor='parallel', parallel_workers=8, event_handlers=None, ignore_user_meta=False, metas=['./colcon.meta'], base_paths=['.'], packages_ignore=None, packages_ignore_regex=None, paths=None, packages_up_to=None, packages_up_to_regex=None, packages_above=None, packages_above_and_dependencies=None, packages_above_depth=None, packages_select_by_dep=None, packages_skip_by_dep=None, packages_skip_up_to=None, packages_select_build_failed=False, packages_skip_build_finished=False, packages_select_test_failures=False, packages_skip_test_passed=False, packages_select=None, packages_skip=None, packages_select_regex=None, packages_skip_regex=None, packages_start=None, packages_end=None, allow_overriding=[], cmake_args=None, cmake_target=None, cmake_target_skip_unavailable=False, cmake_clean_cache=False, cmake_clean_first=False, cmake_force_configure=False, ament_cmake_args=None, catkin_cmake_args=None, catkin_skip_building_tests=False, verb_parser=<colcon_defaults.argument_parser.defaults.DefaultArgumentsDecorator object at 0x7ff38bae9960>, verb_extension=<colcon_core.verb.build.BuildVerb object at 0x7ff38c313c40>, main=<bound method BuildVerb.main of <colcon_core.verb.build.BuildVerb object at 0x7ff38c313c40>>)[0m
[1.164s] [34mcolcon.colcon_core.package_discovery[0m [1;30mLevel 1[0m discover_packages(colcon_meta) check parameters
[1.165s] [34mcolcon.colcon_core.package_discovery[0m [1;30mLevel 1[0m discover_packages(recursive) check parameters
[1.165s] [34mcolcon.colcon_core.package_discovery[0m [1;30mLevel 1[0m discover_packages(ignore) check parameters
[1.165s] [34mcolcon.colcon_core.package_discovery[0m [1;30mLevel 1[0m discover_packages(path) check parameters
[1.165s] [34mcolcon.colcon_core.package_discovery[0m [1;30mLevel 1[0m discover_packages(colcon_meta) discover
[1.166s] [34mcolcon.colcon_core.package_discovery[0m [1;30mLevel 1[0m discover_packages(recursive) discover
[1.166s] [34mcolcon.colcon_core.package_discovery[0m [1;30mINFO[0m Crawling recursively for packages in '/home/thiru/Desktop/Buddybot_git/buddy_bot'
[1.166s] [34mcolcon.colcon_core.package_identification[0m [1;30mLevel 1[0m _identify(.) by extensions ['ignore', 'ignore_ament_install']
[1.166s] [34mcolcon.colcon_core.package_identification[0m [1;30mLevel 1[0m _identify(.) by extension 'ignore'
[1.166s] [34mcolcon.colcon_core.package_identification[0m [1;30mLevel 1[0m _identify(.) by extension 'ignore_ament_install'
[1.166s] [34mcolcon.colcon_core.package_identification[0m [1;30mLevel 1[0m _identify(.) by extensions ['colcon_pkg']
[1.167s] [34mcolcon.colcon_core.package_identification[0m [1;30mLevel 1[0m _identify(.) by extension 'colcon_pkg'
[1.167s] [34mcolcon.colcon_core.package_identification[0m [1;30mLevel 1[0m _identify(.) by extensions ['colcon_meta']
[1.167s] [34mcolcon.colcon_core.package_identification[0m [1;30mLevel 1[0m _identify(.) by extension 'colcon_meta'
[1.167s] [34mcolcon.colcon_core.package_identification[0m [1;30mLevel 1[0m _identify(.) by extensions ['ros']
[1.167s] [34mcolcon.colcon_core.package_identification[0m [1;30mLevel 1[0m _identify(.) by extension 'ros'
[1.192s] [34mcolcon.colcon_core.package_identification[0m [1;30mLevel 1[0m _identify(.) by extensions ['cmake', 'python']
[1.192s] [34mcolcon.colcon_core.package_identification[0m [1;30mLevel 1[0m _identify(.) by extension 'cmake'
[1.192s] [34mcolcon.colcon_core.package_identification[0m [1;30mLevel 1[0m _identify(.) by extension 'python'
[1.192s] [34mcolcon.colcon_core.package_identification[0m [1;30mLevel 1[0m _identify(.) by extensions ['python_setup_py']
[1.192s] [34mcolcon.colcon_core.package_identification[0m [1;30mLevel 1[0m _identify(.) by extension 'python_setup_py'
[1.192s] [34mcolcon.colcon_core.package_identification[0m [1;30mLevel 1[0m _identify(build) by extensions ['ignore', 'ignore_ament_install']
[1.192s] [34mcolcon.colcon_core.package_identification[0m [1;30mLevel 1[0m _identify(build) by extension 'ignore'
[1.192s] [34mcolcon.colcon_core.package_identification[0m [1;30mLevel 1[0m _identify(build) ignored
[1.193s] [34mcolcon.colcon_core.package_identification[0m [1;30mLevel 1[0m _identify(install) by extensions ['ignore', 'ignore_ament_install']
[1.193s] [34mcolcon.colcon_core.package_identification[0m [1;30mLevel 1[0m _identify(install) by extension 'ignore'
[1.193s] [34mcolcon.colcon_core.package_identification[0m [1;30mLevel 1[0m _identify(install) ignored
[1.193s] [34mcolcon.colcon_core.package_identification[0m [1;30mLevel 1[0m _identify(log) by extensions ['ignore', 'ignore_ament_install']
[1.194s] [34mcolcon.colcon_core.package_identification[0m [1;30mLevel 1[0m _identify(log) by extension 'ignore'
[1.194s] [34mcolcon.colcon_core.package_identification[0m [1;30mLevel 1[0m _identify(log) ignored
[1.194s] [34mcolcon.colcon_core.package_identification[0m [1;30mLevel 1[0m _identify(src) by extensions ['ignore', 'ignore_ament_install']
[1.194s] [34mcolcon.colcon_core.package_identification[0m [1;30mLevel 1[0m _identify(src) by extension 'ignore'
[1.194s] [34mcolcon.colcon_core.package_identification[0m [1;30mLevel 1[0m _identify(src) by extension 'ignore_ament_install'
[1.194s] [34mcolcon.colcon_core.package_identification[0m [1;30mLevel 1[0m _identify(src) by extensions ['colcon_pkg']
[1.195s] [34mcolcon.colcon_core.package_identification[0m [1;30mLevel 1[0m _identify(src) by extension 'colcon_pkg'
[1.195s] [34mcolcon.colcon_core.package_identification[0m [1;30mLevel 1[0m _identify(src) by extensions ['colcon_meta']
[1.195s] [34mcolcon.colcon_core.package_identification[0m [1;30mLevel 1[0m _identify(src) by extension 'colcon_meta'
[1.195s] [34mcolcon.colcon_core.package_identification[0m [1;30mLevel 1[0m _identify(src) by extensions ['ros']
[1.195s] [34mcolcon.colcon_core.package_identification[0m [1;30mLevel 1[0m _identify(src) by extension 'ros'
[1.202s] [34mcolcon.colcon_core.package_identification[0m [1;30mDEBUG[0m [32mPackage 'src' with type 'ros.ament_cmake' and name 'buddy_bot'[0m
[1.202s] [34mcolcon.colcon_core.package_discovery[0m [1;30mLevel 1[0m discover_packages(recursive) using defaults
[1.202s] [34mcolcon.colcon_core.package_discovery[0m [1;30mLevel 1[0m discover_packages(ignore) discover
[1.202s] [34mcolcon.colcon_core.package_discovery[0m [1;30mLevel 1[0m discover_packages(ignore) using defaults
[1.202s] [34mcolcon.colcon_core.package_discovery[0m [1;30mLevel 1[0m discover_packages(path) discover
[1.202s] [34mcolcon.colcon_core.package_discovery[0m [1;30mLevel 1[0m discover_packages(path) using defaults
[1.274s] [34mcolcon.colcon_core.package_discovery[0m [1;30mLevel 1[0m discover_packages(prefix_path) check parameters
[1.274s] [34mcolcon.colcon_core.package_discovery[0m [1;30mLevel 1[0m discover_packages(prefix_path) discover
[1.288s] [34mcolcon.colcon_installed_package_information.package_discovery[0m [1;30mDEBUG[0m [32mFound 1 installed packages in /home/thiru/Desktop/Buddybot_git/buddy_bot/install[0m
[1.293s] [34mcolcon.colcon_installed_package_information.package_discovery[0m [1;30mDEBUG[0m [32mFound 15 installed packages in /home/thiru/turtlebot3_ws/install[0m
[1.301s] [34mcolcon.colcon_installed_package_information.package_discovery[0m [1;30mDEBUG[0m [32mFound 402 installed packages in /opt/ros/humble[0m
[1.306s] [34mcolcon.colcon_core.package_discovery[0m [1;30mLevel 1[0m discover_packages(prefix_path) using defaults
[1.503s] [34mcolcon.colcon_core.verb[0m [1;30mLevel 5[0m set package 'buddy_bot' build argument 'cmake_args' from command line to 'None'
[1.504s] [34mcolcon.colcon_core.verb[0m [1;30mLevel 5[0m set package 'buddy_bot' build argument 'cmake_target' from command line to 'None'
[1.504s] [34mcolcon.colcon_core.verb[0m [1;30mLevel 5[0m set package 'buddy_bot' build argument 'cmake_target_skip_unavailable' from command line to 'False'
[1.504s] [34mcolcon.colcon_core.verb[0m [1;30mLevel 5[0m set package 'buddy_bot' build argument 'cmake_clean_cache' from command line to 'False'
[1.504s] [34mcolcon.colcon_core.verb[0m [1;30mLevel 5[0m set package 'buddy_bot' build argument 'cmake_clean_first' from command line to 'False'
[1.504s] [34mcolcon.colcon_core.verb[0m [1;30mLevel 5[0m set package 'buddy_bot' build argument 'cmake_force_configure' from command line to 'False'
[1.504s] [34mcolcon.colcon_core.verb[0m [1;30mLevel 5[0m set package 'buddy_bot' build argument 'ament_cmake_args' from command line to 'None'
[1.504s] [34mcolcon.colcon_core.verb[0m [1;30mLevel 5[0m set package 'buddy_bot' build argument 'catkin_cmake_args' from command line to 'None'
[1.504s] [34mcolcon.colcon_core.verb[0m [1;30mLevel 5[0m set package 'buddy_bot' build argument 'catkin_skip_building_tests' from command line to 'False'
[1.504s] [34mcolcon.colcon_core.verb[0m [1;30mDEBUG[0m [32mBuilding package 'buddy_bot' with the following arguments: {'ament_cmake_args': None, 'build_base': '/home/thiru/Desktop/Buddybot_git/buddy_bot/build/buddy_bot', 'catkin_cmake_args': None, 'catkin_skip_building_tests': False, 'cmake_args': None, 'cmake_clean_cache': False, 'cmake_clean_first': False, 'cmake_force_configure': False, 'cmake_target': None, 'cmake_target_skip_unavailable': False, 'install_base': '/home/thiru/Desktop/Buddybot_git/buddy_bot/install/buddy_bot', 'merge_install': False, 'path': '/home/thiru/Desktop/Buddybot_git/buddy_bot/src', 'symlink_install': True, 'test_result_base': None}[0m
[1.508s] [34mcolcon.colcon_core.executor[0m [1;30mINFO[0m Executing jobs using 'parallel' executor
[1.525s] [34mcolcon.colcon_parallel_executor.executor.parallel[0m [1;30mDEBUG[0m [32mrun_until_complete[0m
[1.526s] [34mcolcon.colcon_ros.task.ament_cmake.build[0m [1;30mINFO[0m Building ROS package in '/home/thiru/Desktop/Buddybot_git/buddy_bot/src' with build type 'ament_cmake'
[1.527s] [34mcolcon.colcon_cmake.task.cmake.build[0m [1;30mINFO[0m Building CMake package in '/home/thiru/Desktop/Buddybot_git/buddy_bot/src'
[1.559s] [34mcolcon.colcon_core.plugin_system[0m [1;30mINFO[0m Skipping extension 'colcon_core.shell.bat': Not used on non-Windows systems
[1.560s] [34mcolcon.colcon_core.shell[0m [1;30mINFO[0m Skip shell extension 'powershell' for command environment: Not usable outside of PowerShell
[1.560s] [34mcolcon.colcon_core.shell[0m [1;30mDEBUG[0m [32mSkip shell extension 'dsv' for command environment[0m
[1.601s] [34mcolcon.colcon_core.event_handler.log_command[0m [1;30mDEBUG[0m [32mInvoking command in '/home/thiru/Desktop/Buddybot_git/buddy_bot/build/buddy_bot': CMAKE_PREFIX_PATH=${CMAKE_PREFIX_PATH}:/home/thiru/turtlebot3_ws/install/turtlebot3_teleop:/home/thiru/turtlebot3_ws/install/turtlebot3_example:/home/thiru/turtlebot3_ws/install/turtlebot3_description:/home/thiru/turtlebot3_ws/install/dynamixel_sdk:/opt/ros/humble /home/thiru/.local/bin/cmake --build /home/thiru/Desktop/Buddybot_git/buddy_bot/build/buddy_bot -- -j8 -l8[0m
[1.718s] [34mcolcon.colcon_core.event_handler.log_command[0m [1;30mDEBUG[0m [32mInvoked command in '/home/thiru/Desktop/Buddybot_git/buddy_bot/build/buddy_bot' returned '0': CMAKE_PREFIX_PATH=${CMAKE_PREFIX_PATH}:/home/thiru/turtlebot3_ws/install/turtlebot3_teleop:/home/thiru/turtlebot3_ws/install/turtlebot3_example:/home/thiru/turtlebot3_ws/install/turtlebot3_description:/home/thiru/turtlebot3_ws/install/dynamixel_sdk:/opt/ros/humble /home/thiru/.local/bin/cmake --build /home/thiru/Desktop/Buddybot_git/buddy_bot/build/buddy_bot -- -j8 -l8[0m
[1.906s] [34mcolcon.colcon_core.event_handler.log_command[0m [1;30mDEBUG[0m [32mInvoking command in '/home/thiru/Desktop/Buddybot_git/buddy_bot/build/buddy_bot': CMAKE_PREFIX_PATH=${CMAKE_PREFIX_PATH}:/home/thiru/turtlebot3_ws/install/turtlebot3_teleop:/home/thiru/turtlebot3_ws/install/turtlebot3_example:/home/thiru/turtlebot3_ws/install/turtlebot3_description:/home/thiru/turtlebot3_ws/install/dynamixel_sdk:/opt/ros/humble /home/thiru/.local/bin/cmake --install /home/thiru/Desktop/Buddybot_git/buddy_bot/build/buddy_bot[0m
[2.021s] [34mcolcon.colcon_core.environment[0m [1;30mLevel 1[0m create_environment_scripts_only(buddy_bot)
[2.025s] [34mcolcon.colcon_core.event_handler.log_command[0m [1;30mDEBUG[0m [32mInvoked command in '/home/thiru/Desktop/Buddybot_git/buddy_bot/build/buddy_bot' returned '0': CMAKE_PREFIX_PATH=${CMAKE_PREFIX_PATH}:/home/thiru/turtlebot3_ws/install/turtlebot3_teleop:/home/thiru/turtlebot3_ws/install/turtlebot3_example:/home/thiru/turtlebot3_ws/install/turtlebot3_description:/home/thiru/turtlebot3_ws/install/dynamixel_sdk:/opt/ros/humble /home/thiru/.local/bin/cmake --install /home/thiru/Desktop/Buddybot_git/buddy_bot/build/buddy_bot[0m
[2.044s] [34mcolcon.colcon_core.environment[0m [1;30mLevel 1[0m checking '/home/thiru/Desktop/Buddybot_git/buddy_bot/install/buddy_bot' for CMake module files
[2.046s] [34mcolcon.colcon_core.environment[0m [1;30mLevel 1[0m checking '/home/thiru/Desktop/Buddybot_git/buddy_bot/install/buddy_bot' for CMake config files
[2.047s] [34mcolcon.colcon_core.shell[0m [1;30mLevel 1[0m create_environment_hook('buddy_bot', 'cmake_prefix_path')
[2.055s] [34mcolcon.colcon_core.shell[0m [1;30mINFO[0m Creating environment hook '/home/thiru/Desktop/Buddybot_git/buddy_bot/install/buddy_bot/share/buddy_bot/hook/cmake_prefix_path.ps1'
[2.057s] [34mcolcon.colcon_core.shell[0m [1;30mINFO[0m Creating environment descriptor '/home/thiru/Desktop/Buddybot_git/buddy_bot/install/buddy_bot/share/buddy_bot/hook/cmake_prefix_path.dsv'
[2.059s] [34mcolcon.colcon_core.shell[0m [1;30mINFO[0m Creating environment hook '/home/thiru/Desktop/Buddybot_git/buddy_bot/install/buddy_bot/share/buddy_bot/hook/cmake_prefix_path.sh'
[2.062s] [34mcolcon.colcon_core.environment[0m [1;30mLevel 1[0m checking '/home/thiru/Desktop/Buddybot_git/buddy_bot/install/buddy_bot/bin'
[2.062s] [34mcolcon.colcon_core.environment[0m [1;30mLevel 1[0m checking '/home/thiru/Desktop/Buddybot_git/buddy_bot/install/buddy_bot/lib/pkgconfig/buddy_bot.pc'
[2.063s] [34mcolcon.colcon_core.environment[0m [1;30mLevel 1[0m checking '/home/thiru/Desktop/Buddybot_git/buddy_bot/install/buddy_bot/lib/python3.10/site-packages'
[2.063s] [34mcolcon.colcon_core.environment[0m [1;30mLevel 1[0m checking '/home/thiru/Desktop/Buddybot_git/buddy_bot/install/buddy_bot/bin'
[2.073s] [34mcolcon.colcon_core.shell[0m [1;30mINFO[0m Creating package script '/home/thiru/Desktop/Buddybot_git/buddy_bot/install/buddy_bot/share/buddy_bot/package.ps1'
[2.075s] [34mcolcon.colcon_core.shell[0m [1;30mINFO[0m Creating package descriptor '/home/thiru/Desktop/Buddybot_git/buddy_bot/install/buddy_bot/share/buddy_bot/package.dsv'
[2.077s] [34mcolcon.colcon_core.shell[0m [1;30mINFO[0m Creating package script '/home/thiru/Desktop/Buddybot_git/buddy_bot/install/buddy_bot/share/buddy_bot/package.sh'
[2.079s] [34mcolcon.colcon_core.shell[0m [1;30mINFO[0m Creating package script '/home/thiru/Desktop/Buddybot_git/buddy_bot/install/buddy_bot/share/buddy_bot/package.bash'
[2.081s] [34mcolcon.colcon_core.shell[0m [1;30mINFO[0m Creating package script '/home/thiru/Desktop/Buddybot_git/buddy_bot/install/buddy_bot/share/buddy_bot/package.zsh'
[2.083s] [34mcolcon.colcon_core.environment[0m [1;30mLevel 1[0m create_file_with_runtime_dependencies(/home/thiru/Desktop/Buddybot_git/buddy_bot/install/buddy_bot/share/colcon-core/packages/buddy_bot)
[2.200s] [34mcolcon.colcon_core.environment[0m [1;30mLevel 1[0m create_environment_scripts_only(buddy_bot)
[2.208s] [34mcolcon.colcon_core.environment[0m [1;30mLevel 1[0m checking '/home/thiru/Desktop/Buddybot_git/buddy_bot/install/buddy_bot' for CMake module files
[2.209s] [34mcolcon.colcon_core.environment[0m [1;30mLevel 1[0m checking '/home/thiru/Desktop/Buddybot_git/buddy_bot/install/buddy_bot' for CMake config files
[2.210s] [34mcolcon.colcon_core.shell[0m [1;30mLevel 1[0m create_environment_hook('buddy_bot', 'cmake_prefix_path')
[2.215s] [34mcolcon.colcon_core.shell[0m [1;30mINFO[0m Creating environment hook '/home/thiru/Desktop/Buddybot_git/buddy_bot/install/buddy_bot/share/buddy_bot/hook/cmake_prefix_path.ps1'
[2.217s] [34mcolcon.colcon_core.shell[0m [1;30mINFO[0m Creating environment descriptor '/home/thiru/Desktop/Buddybot_git/buddy_bot/install/buddy_bot/share/buddy_bot/hook/cmake_prefix_path.dsv'
[2.218s] [34mcolcon.colcon_core.shell[0m [1;30mINFO[0m Creating environment hook '/home/thiru/Desktop/Buddybot_git/buddy_bot/install/buddy_bot/share/buddy_bot/hook/cmake_prefix_path.sh'
[2.220s] [34mcolcon.colcon_core.environment[0m [1;30mLevel 1[0m checking '/home/thiru/Desktop/Buddybot_git/buddy_bot/install/buddy_bot/bin'
[2.221s] [34mcolcon.colcon_core.environment[0m [1;30mLevel 1[0m checking '/home/thiru/Desktop/Buddybot_git/buddy_bot/install/buddy_bot/lib/pkgconfig/buddy_bot.pc'
[2.221s] [34mcolcon.colcon_core.environment[0m [1;30mLevel 1[0m checking '/home/thiru/Desktop/Buddybot_git/buddy_bot/install/buddy_bot/lib/python3.10/site-packages'
[2.222s] [34mcolcon.colcon_core.environment[0m [1;30mLevel 1[0m checking '/home/thiru/Desktop/Buddybot_git/buddy_bot/install/buddy_bot/bin'
[2.231s] [34mcolcon.colcon_core.shell[0m [1;30mINFO[0m Creating package script '/home/thiru/Desktop/Buddybot_git/buddy_bot/install/buddy_bot/share/buddy_bot/package.ps1'
[2.233s] [34mcolcon.colcon_core.shell[0m [1;30mINFO[0m Creating package descriptor '/home/thiru/Desktop/Buddybot_git/buddy_bot/install/buddy_bot/share/buddy_bot/package.dsv'
[2.235s] [34mcolcon.colcon_core.shell[0m [1;30mINFO[0m Creating package script '/home/thiru/Desktop/Buddybot_git/buddy_bot/install/buddy_bot/share/buddy_bot/package.sh'
[2.236s] [34mcolcon.colcon_core.shell[0m [1;30mINFO[0m Creating package script '/home/thiru/Desktop/Buddybot_git/buddy_bot/install/buddy_bot/share/buddy_bot/package.bash'
[2.237s] [34mcolcon.colcon_core.shell[0m [1;30mINFO[0m Creating package script '/home/thiru/Desktop/Buddybot_git/buddy_bot/install/buddy_bot/share/buddy_bot/package.zsh'
[2.238s] [34mcolcon.colcon_core.environment[0m [1;30mLevel 1[0m create_file_with_runtime_dependencies(/home/thiru/Desktop/Buddybot_git/buddy_bot/install/buddy_bot/share/colcon-core/packages/buddy_bot)
[2.238s] [34mcolcon.colcon_parallel_executor.executor.parallel[0m [1;30mDEBUG[0m [32mclosing loop[0m
[2.239s] [34mcolcon.colcon_parallel_executor.executor.parallel[0m [1;30mDEBUG[0m [32mloop closed[0m
[2.240s] [34mcolcon.colcon_parallel_executor.executor.parallel[0m [1;30mDEBUG[0m [32mrun_until_complete finished with '0'[0m
[2.241s] [34mcolcon.colcon_core.event_reactor[0m [1;30mDEBUG[0m [32mjoining thread[0m
[2.256s] [34mcolcon.colcon_core.plugin_system[0m [1;30mINFO[0m Skipping extension 'colcon_notification.desktop_notification.terminal_notifier': Not used on non-Darwin systems
[2.257s] [34mcolcon.colcon_core.plugin_system[0m [1;30mINFO[0m Skipping extension 'colcon_notification.desktop_notification.win32': Not used on non-Windows systems
[2.257s] [34mcolcon.colcon_notification.desktop_notification[0m [1;30mINFO[0m Sending desktop notification using 'notify2'
[2.284s] [34mcolcon.colcon_core.event_reactor[0m [1;30mDEBUG[0m [32mjoined thread[0m
[2.293s] [34mcolcon.colcon_core.shell[0m [1;30mINFO[0m Creating prefix script '/home/thiru/Desktop/Buddybot_git/buddy_bot/install/local_setup.ps1'
[2.295s] [34mcolcon.colcon_core.shell[0m [1;30mINFO[0m Creating prefix util module '/home/thiru/Desktop/Buddybot_git/buddy_bot/install/_local_setup_util_ps1.py'
[2.299s] [34mcolcon.colcon_core.shell[0m [1;30mINFO[0m Creating prefix chain script '/home/thiru/Desktop/Buddybot_git/buddy_bot/install/setup.ps1'
[2.306s] [34mcolcon.colcon_core.shell[0m [1;30mINFO[0m Creating prefix script '/home/thiru/Desktop/Buddybot_git/buddy_bot/install/local_setup.sh'
[2.308s] [34mcolcon.colcon_core.shell[0m [1;30mINFO[0m Creating prefix util module '/home/thiru/Desktop/Buddybot_git/buddy_bot/install/_local_setup_util_sh.py'
[2.309s] [34mcolcon.colcon_core.shell[0m [1;30mINFO[0m Creating prefix chain script '/home/thiru/Desktop/Buddybot_git/buddy_bot/install/setup.sh'
[2.317s] [34mcolcon.colcon_core.shell[0m [1;30mINFO[0m Creating prefix script '/home/thiru/Desktop/Buddybot_git/buddy_bot/install/local_setup.bash'
[2.318s] [34mcolcon.colcon_core.shell[0m [1;30mINFO[0m Creating prefix chain script '/home/thiru/Desktop/Buddybot_git/buddy_bot/install/setup.bash'
[2.331s] [34mcolcon.colcon_core.shell[0m [1;30mINFO[0m Creating prefix script '/home/thiru/Desktop/Buddybot_git/buddy_bot/install/local_setup.zsh'
[2.332s] [34mcolcon.colcon_core.shell[0m [1;30mINFO[0m Creating prefix chain script '/home/thiru/Desktop/Buddybot_git/buddy_bot/install/setup.zsh'
