[0.321s] [34mcolcon[0m [1;30mDEBUG[0m [32mCommand line arguments: ['/usr/bin/colcon', 'build', '--symlink-install'][0m
[0.321s] [34mcolcon[0m [1;30mDEBUG[0m [32mParsed command line arguments: Namespace(log_base=None, log_level=None, verb_name='build', build_base='build', install_base='install', merge_install=False, symlink_install=True, test_result_base=None, continue_on_error=False, executor='parallel', parallel_workers=8, event_handlers=None, ignore_user_meta=False, metas=['./colcon.meta'], base_paths=['.'], packages_ignore=None, packages_ignore_regex=None, paths=None, packages_up_to=None, packages_up_to_regex=None, packages_above=None, packages_above_and_dependencies=None, packages_above_depth=None, packages_select_by_dep=None, packages_skip_by_dep=None, packages_skip_up_to=None, packages_select_build_failed=False, packages_skip_build_finished=False, packages_select_test_failures=False, packages_skip_test_passed=False, packages_select=None, packages_skip=None, packages_select_regex=None, packages_skip_regex=None, packages_start=None, packages_end=None, allow_overriding=[], cmake_args=None, cmake_target=None, cmake_target_skip_unavailable=False, cmake_clean_cache=False, cmake_clean_first=False, cmake_force_configure=False, ament_cmake_args=None, catkin_cmake_args=None, catkin_skip_building_tests=False, verb_parser=<colcon_defaults.argument_parser.defaults.DefaultArgumentsDecorator object at 0x7f4a71ced870>, verb_extension=<colcon_core.verb.build.BuildVerb object at 0x7f4a724f10f0>, main=<bound method BuildVerb.main of <colcon_core.verb.build.BuildVerb object at 0x7f4a724f10f0>>)[0m
[0.345s] [34mcolcon.colcon_core.package_discovery[0m [1;30mLevel 1[0m discover_packages(colcon_meta) check parameters
[0.345s] [34mcolcon.colcon_core.package_discovery[0m [1;30mLevel 1[0m discover_packages(recursive) check parameters
[0.345s] [34mcolcon.colcon_core.package_discovery[0m [1;30mLevel 1[0m discover_packages(ignore) check parameters
[0.345s] [34mcolcon.colcon_core.package_discovery[0m [1;30mLevel 1[0m discover_packages(path) check parameters
[0.345s] [34mcolcon.colcon_core.package_discovery[0m [1;30mLevel 1[0m discover_packages(colcon_meta) discover
[0.345s] [34mcolcon.colcon_core.package_discovery[0m [1;30mLevel 1[0m discover_packages(recursive) discover
[0.345s] [34mcolcon.colcon_core.package_discovery[0m [1;30mINFO[0m Crawling recursively for packages in '/home/thiru/Desktop/Buddybot_git/buddy_bot'
[0.346s] [34mcolcon.colcon_core.package_identification[0m [1;30mLevel 1[0m _identify(.) by extensions ['ignore', 'ignore_ament_install']
[0.346s] [34mcolcon.colcon_core.package_identification[0m [1;30mLevel 1[0m _identify(.) by extension 'ignore'
[0.346s] [34mcolcon.colcon_core.package_identification[0m [1;30mLevel 1[0m _identify(.) by extension 'ignore_ament_install'
[0.346s] [34mcolcon.colcon_core.package_identification[0m [1;30mLevel 1[0m _identify(.) by extensions ['colcon_pkg']
[0.346s] [34mcolcon.colcon_core.package_identification[0m [1;30mLevel 1[0m _identify(.) by extension 'colcon_pkg'
[0.346s] [34mcolcon.colcon_core.package_identification[0m [1;30mLevel 1[0m _identify(.) by extensions ['colcon_meta']
[0.346s] [34mcolcon.colcon_core.package_identification[0m [1;30mLevel 1[0m _identify(.) by extension 'colcon_meta'
[0.346s] [34mcolcon.colcon_core.package_identification[0m [1;30mLevel 1[0m _identify(.) by extensions ['ros']
[0.346s] [34mcolcon.colcon_core.package_identification[0m [1;30mLevel 1[0m _identify(.) by extension 'ros'
[0.354s] [34mcolcon.colcon_core.package_identification[0m [1;30mLevel 1[0m _identify(.) by extensions ['cmake', 'python']
[0.354s] [34mcolcon.colcon_core.package_identification[0m [1;30mLevel 1[0m _identify(.) by extension 'cmake'
[0.354s] [34mcolcon.colcon_core.package_identification[0m [1;30mLevel 1[0m _identify(.) by extension 'python'
[0.354s] [34mcolcon.colcon_core.package_identification[0m [1;30mLevel 1[0m _identify(.) by extensions ['python_setup_py']
[0.354s] [34mcolcon.colcon_core.package_identification[0m [1;30mLevel 1[0m _identify(.) by extension 'python_setup_py'
[0.355s] [34mcolcon.colcon_core.package_identification[0m [1;30mLevel 1[0m _identify(build) by extensions ['ignore', 'ignore_ament_install']
[0.355s] [34mcolcon.colcon_core.package_identification[0m [1;30mLevel 1[0m _identify(build) by extension 'ignore'
[0.355s] [34mcolcon.colcon_core.package_identification[0m [1;30mLevel 1[0m _identify(build) ignored
[0.355s] [34mcolcon.colcon_core.package_identification[0m [1;30mLevel 1[0m _identify(install) by extensions ['ignore', 'ignore_ament_install']
[0.355s] [34mcolcon.colcon_core.package_identification[0m [1;30mLevel 1[0m _identify(install) by extension 'ignore'
[0.355s] [34mcolcon.colcon_core.package_identification[0m [1;30mLevel 1[0m _identify(install) ignored
[0.355s] [34mcolcon.colcon_core.package_identification[0m [1;30mLevel 1[0m _identify(log) by extensions ['ignore', 'ignore_ament_install']
[0.355s] [34mcolcon.colcon_core.package_identification[0m [1;30mLevel 1[0m _identify(log) by extension 'ignore'
[0.355s] [34mcolcon.colcon_core.package_identification[0m [1;30mLevel 1[0m _identify(log) ignored
[0.355s] [34mcolcon.colcon_core.package_identification[0m [1;30mLevel 1[0m _identify(src) by extensions ['ignore', 'ignore_ament_install']
[0.355s] [34mcolcon.colcon_core.package_identification[0m [1;30mLevel 1[0m _identify(src) by extension 'ignore'
[0.355s] [34mcolcon.colcon_core.package_identification[0m [1;30mLevel 1[0m _identify(src) by extension 'ignore_ament_install'
[0.355s] [34mcolcon.colcon_core.package_identification[0m [1;30mLevel 1[0m _identify(src) by extensions ['colcon_pkg']
[0.355s] [34mcolcon.colcon_core.package_identification[0m [1;30mLevel 1[0m _identify(src) by extension 'colcon_pkg'
[0.355s] [34mcolcon.colcon_core.package_identification[0m [1;30mLevel 1[0m _identify(src) by extensions ['colcon_meta']
[0.355s] [34mcolcon.colcon_core.package_identification[0m [1;30mLevel 1[0m _identify(src) by extension 'colcon_meta'
[0.355s] [34mcolcon.colcon_core.package_identification[0m [1;30mLevel 1[0m _identify(src) by extensions ['ros']
[0.355s] [34mcolcon.colcon_core.package_identification[0m [1;30mLevel 1[0m _identify(src) by extension 'ros'
[0.357s] [34mcolcon.colcon_core.package_identification[0m [1;30mDEBUG[0m [32mPackage 'src' with type 'ros.ament_cmake' and name 'buddy_bot'[0m
[0.357s] [34mcolcon.colcon_core.package_discovery[0m [1;30mLevel 1[0m discover_packages(recursive) using defaults
[0.358s] [34mcolcon.colcon_core.package_discovery[0m [1;30mLevel 1[0m discover_packages(ignore) discover
[0.358s] [34mcolcon.colcon_core.package_discovery[0m [1;30mLevel 1[0m discover_packages(ignore) using defaults
[0.358s] [34mcolcon.colcon_core.package_discovery[0m [1;30mLevel 1[0m discover_packages(path) discover
[0.358s] [34mcolcon.colcon_core.package_discovery[0m [1;30mLevel 1[0m discover_packages(path) using defaults
[0.375s] [34mcolcon.colcon_core.package_discovery[0m [1;30mLevel 1[0m discover_packages(prefix_path) check parameters
[0.375s] [34mcolcon.colcon_core.package_discovery[0m [1;30mLevel 1[0m discover_packages(prefix_path) discover
[0.378s] [34mcolcon.colcon_installed_package_information.package_discovery[0m [1;30mDEBUG[0m [32mFound 1 installed packages in /home/thiru/Desktop/Buddybot_git/buddy_bot/install[0m
[0.380s] [34mcolcon.colcon_installed_package_information.package_discovery[0m [1;30mDEBUG[0m [32mFound 15 installed packages in /home/thiru/turtlebot3_ws/install[0m
[0.382s] [34mcolcon.colcon_installed_package_information.package_discovery[0m [1;30mDEBUG[0m [32mFound 398 installed packages in /opt/ros/humble[0m
[0.384s] [34mcolcon.colcon_core.package_discovery[0m [1;30mLevel 1[0m discover_packages(prefix_path) using defaults
[0.437s] [34mcolcon.colcon_core.verb[0m [1;30mLevel 5[0m set package 'buddy_bot' build argument 'cmake_args' from command line to 'None'
[0.438s] [34mcolcon.colcon_core.verb[0m [1;30mLevel 5[0m set package 'buddy_bot' build argument 'cmake_target' from command line to 'None'
[0.438s] [34mcolcon.colcon_core.verb[0m [1;30mLevel 5[0m set package 'buddy_bot' build argument 'cmake_target_skip_unavailable' from command line to 'False'
[0.438s] [34mcolcon.colcon_core.verb[0m [1;30mLevel 5[0m set package 'buddy_bot' build argument 'cmake_clean_cache' from command line to 'False'
[0.438s] [34mcolcon.colcon_core.verb[0m [1;30mLevel 5[0m set package 'buddy_bot' build argument 'cmake_clean_first' from command line to 'False'
[0.438s] [34mcolcon.colcon_core.verb[0m [1;30mLevel 5[0m set package 'buddy_bot' build argument 'cmake_force_configure' from command line to 'False'
[0.438s] [34mcolcon.colcon_core.verb[0m [1;30mLevel 5[0m set package 'buddy_bot' build argument 'ament_cmake_args' from command line to 'None'
[0.438s] [34mcolcon.colcon_core.verb[0m [1;30mLevel 5[0m set package 'buddy_bot' build argument 'catkin_cmake_args' from command line to 'None'
[0.438s] [34mcolcon.colcon_core.verb[0m [1;30mLevel 5[0m set package 'buddy_bot' build argument 'catkin_skip_building_tests' from command line to 'False'
[0.438s] [34mcolcon.colcon_core.verb[0m [1;30mDEBUG[0m [32mBuilding package 'buddy_bot' with the following arguments: {'ament_cmake_args': None, 'build_base': '/home/thiru/Desktop/Buddybot_git/buddy_bot/build/buddy_bot', 'catkin_cmake_args': None, 'catkin_skip_building_tests': False, 'cmake_args': None, 'cmake_clean_cache': False, 'cmake_clean_first': False, 'cmake_force_configure': False, 'cmake_target': None, 'cmake_target_skip_unavailable': False, 'install_base': '/home/thiru/Desktop/Buddybot_git/buddy_bot/install/buddy_bot', 'merge_install': False, 'path': '/home/thiru/Desktop/Buddybot_git/buddy_bot/src', 'symlink_install': True, 'test_result_base': None}[0m
[0.439s] [34mcolcon.colcon_core.executor[0m [1;30mINFO[0m Executing jobs using 'parallel' executor
[0.445s] [34mcolcon.colcon_parallel_executor.executor.parallel[0m [1;30mDEBUG[0m [32mrun_until_complete[0m
[0.445s] [34mcolcon.colcon_ros.task.ament_cmake.build[0m [1;30mINFO[0m Building ROS package in '/home/thiru/Desktop/Buddybot_git/buddy_bot/src' with build type 'ament_cmake'
[0.445s] [34mcolcon.colcon_cmake.task.cmake.build[0m [1;30mINFO[0m Building CMake package in '/home/thiru/Desktop/Buddybot_git/buddy_bot/src'
[0.450s] [34mcolcon.colcon_core.plugin_system[0m [1;30mINFO[0m Skipping extension 'colcon_core.shell.bat': Not used on non-Windows systems
[0.450s] [34mcolcon.colcon_core.shell[0m [1;30mINFO[0m Skip shell extension 'powershell' for command environment: Not usable outside of PowerShell
[0.450s] [34mcolcon.colcon_core.shell[0m [1;30mDEBUG[0m [32mSkip shell extension 'dsv' for command environment[0m
[0.464s] [34mcolcon.colcon_core.event_handler.log_command[0m [1;30mDEBUG[0m [32mInvoking command in '/home/thiru/Desktop/Buddybot_git/buddy_bot/build/buddy_bot': CMAKE_PREFIX_PATH=${CMAKE_PREFIX_PATH}:/home/thiru/turtlebot3_ws/install/turtlebot3_teleop:/home/thiru/turtlebot3_ws/install/turtlebot3_example:/home/thiru/turtlebot3_ws/install/turtlebot3_description:/home/thiru/turtlebot3_ws/install/dynamixel_sdk:/opt/ros/humble /home/thiru/.local/bin/cmake --build /home/thiru/Desktop/Buddybot_git/buddy_bot/build/buddy_bot -- -j8 -l8[0m
[0.504s] [34mcolcon.colcon_core.event_handler.log_command[0m [1;30mDEBUG[0m [32mInvoked command in '/home/thiru/Desktop/Buddybot_git/buddy_bot/build/buddy_bot' returned '0': CMAKE_PREFIX_PATH=${CMAKE_PREFIX_PATH}:/home/thiru/turtlebot3_ws/install/turtlebot3_teleop:/home/thiru/turtlebot3_ws/install/turtlebot3_example:/home/thiru/turtlebot3_ws/install/turtlebot3_description:/home/thiru/turtlebot3_ws/install/dynamixel_sdk:/opt/ros/humble /home/thiru/.local/bin/cmake --build /home/thiru/Desktop/Buddybot_git/buddy_bot/build/buddy_bot -- -j8 -l8[0m
[0.571s] [34mcolcon.colcon_core.event_handler.log_command[0m [1;30mDEBUG[0m [32mInvoking command in '/home/thiru/Desktop/Buddybot_git/buddy_bot/build/buddy_bot': CMAKE_PREFIX_PATH=${CMAKE_PREFIX_PATH}:/home/thiru/turtlebot3_ws/install/turtlebot3_teleop:/home/thiru/turtlebot3_ws/install/turtlebot3_example:/home/thiru/turtlebot3_ws/install/turtlebot3_description:/home/thiru/turtlebot3_ws/install/dynamixel_sdk:/opt/ros/humble /home/thiru/.local/bin/cmake --install /home/thiru/Desktop/Buddybot_git/buddy_bot/build/buddy_bot[0m
[0.609s] [34mcolcon.colcon_core.environment[0m [1;30mLevel 1[0m create_environment_scripts_only(buddy_bot)
[0.610s] [34mcolcon.colcon_core.event_handler.log_command[0m [1;30mDEBUG[0m [32mInvoked command in '/home/thiru/Desktop/Buddybot_git/buddy_bot/build/buddy_bot' returned '0': CMAKE_PREFIX_PATH=${CMAKE_PREFIX_PATH}:/home/thiru/turtlebot3_ws/install/turtlebot3_teleop:/home/thiru/turtlebot3_ws/install/turtlebot3_example:/home/thiru/turtlebot3_ws/install/turtlebot3_description:/home/thiru/turtlebot3_ws/install/dynamixel_sdk:/opt/ros/humble /home/thiru/.local/bin/cmake --install /home/thiru/Desktop/Buddybot_git/buddy_bot/build/buddy_bot[0m
[0.616s] [34mcolcon.colcon_core.environment[0m [1;30mLevel 1[0m checking '/home/thiru/Desktop/Buddybot_git/buddy_bot/install/buddy_bot' for CMake module files
[0.616s] [34mcolcon.colcon_core.environment[0m [1;30mLevel 1[0m checking '/home/thiru/Desktop/Buddybot_git/buddy_bot/install/buddy_bot' for CMake config files
[0.616s] [34mcolcon.colcon_core.shell[0m [1;30mLevel 1[0m create_environment_hook('buddy_bot', 'cmake_prefix_path')
[0.620s] [34mcolcon.colcon_core.shell[0m [1;30mINFO[0m Creating environment hook '/home/thiru/Desktop/Buddybot_git/buddy_bot/install/buddy_bot/share/buddy_bot/hook/cmake_prefix_path.ps1'
[0.620s] [34mcolcon.colcon_core.shell[0m [1;30mINFO[0m Creating environment descriptor '/home/thiru/Desktop/Buddybot_git/buddy_bot/install/buddy_bot/share/buddy_bot/hook/cmake_prefix_path.dsv'
[0.621s] [34mcolcon.colcon_core.shell[0m [1;30mINFO[0m Creating environment hook '/home/thiru/Desktop/Buddybot_git/buddy_bot/install/buddy_bot/share/buddy_bot/hook/cmake_prefix_path.sh'
[0.621s] [34mcolcon.colcon_core.environment[0m [1;30mLevel 1[0m checking '/home/thiru/Desktop/Buddybot_git/buddy_bot/install/buddy_bot/bin'
[0.622s] [34mcolcon.colcon_core.environment[0m [1;30mLevel 1[0m checking '/home/thiru/Desktop/Buddybot_git/buddy_bot/install/buddy_bot/lib/pkgconfig/buddy_bot.pc'
[0.622s] [34mcolcon.colcon_core.environment[0m [1;30mLevel 1[0m checking '/home/thiru/Desktop/Buddybot_git/buddy_bot/install/buddy_bot/lib/python3.10/site-packages'
[0.622s] [34mcolcon.colcon_core.environment[0m [1;30mLevel 1[0m checking '/home/thiru/Desktop/Buddybot_git/buddy_bot/install/buddy_bot/bin'
[0.625s] [34mcolcon.colcon_core.shell[0m [1;30mINFO[0m Creating package script '/home/thiru/Desktop/Buddybot_git/buddy_bot/install/buddy_bot/share/buddy_bot/package.ps1'
[0.625s] [34mcolcon.colcon_core.shell[0m [1;30mINFO[0m Creating package descriptor '/home/thiru/Desktop/Buddybot_git/buddy_bot/install/buddy_bot/share/buddy_bot/package.dsv'
[0.626s] [34mcolcon.colcon_core.shell[0m [1;30mINFO[0m Creating package script '/home/thiru/Desktop/Buddybot_git/buddy_bot/install/buddy_bot/share/buddy_bot/package.sh'
[0.626s] [34mcolcon.colcon_core.shell[0m [1;30mINFO[0m Creating package script '/home/thiru/Desktop/Buddybot_git/buddy_bot/install/buddy_bot/share/buddy_bot/package.bash'
[0.627s] [34mcolcon.colcon_core.shell[0m [1;30mINFO[0m Creating package script '/home/thiru/Desktop/Buddybot_git/buddy_bot/install/buddy_bot/share/buddy_bot/package.zsh'
[0.627s] [34mcolcon.colcon_core.environment[0m [1;30mLevel 1[0m create_file_with_runtime_dependencies(/home/thiru/Desktop/Buddybot_git/buddy_bot/install/buddy_bot/share/colcon-core/packages/buddy_bot)
[0.672s] [34mcolcon.colcon_core.environment[0m [1;30mLevel 1[0m create_environment_scripts_only(buddy_bot)
[0.676s] [34mcolcon.colcon_core.environment[0m [1;30mLevel 1[0m checking '/home/thiru/Desktop/Buddybot_git/buddy_bot/install/buddy_bot' for CMake module files
[0.677s] [34mcolcon.colcon_core.environment[0m [1;30mLevel 1[0m checking '/home/thiru/Desktop/Buddybot_git/buddy_bot/install/buddy_bot' for CMake config files
[0.677s] [34mcolcon.colcon_core.shell[0m [1;30mLevel 1[0m create_environment_hook('buddy_bot', 'cmake_prefix_path')
[0.680s] [34mcolcon.colcon_core.shell[0m [1;30mINFO[0m Creating environment hook '/home/thiru/Desktop/Buddybot_git/buddy_bot/install/buddy_bot/share/buddy_bot/hook/cmake_prefix_path.ps1'
[0.681s] [34mcolcon.colcon_core.shell[0m [1;30mINFO[0m Creating environment descriptor '/home/thiru/Desktop/Buddybot_git/buddy_bot/install/buddy_bot/share/buddy_bot/hook/cmake_prefix_path.dsv'
[0.681s] [34mcolcon.colcon_core.shell[0m [1;30mINFO[0m Creating environment hook '/home/thiru/Desktop/Buddybot_git/buddy_bot/install/buddy_bot/share/buddy_bot/hook/cmake_prefix_path.sh'
[0.681s] [34mcolcon.colcon_core.environment[0m [1;30mLevel 1[0m checking '/home/thiru/Desktop/Buddybot_git/buddy_bot/install/buddy_bot/bin'
[0.681s] [34mcolcon.colcon_core.environment[0m [1;30mLevel 1[0m checking '/home/thiru/Desktop/Buddybot_git/buddy_bot/install/buddy_bot/lib/pkgconfig/buddy_bot.pc'
[0.681s] [34mcolcon.colcon_core.environment[0m [1;30mLevel 1[0m checking '/home/thiru/Desktop/Buddybot_git/buddy_bot/install/buddy_bot/lib/python3.10/site-packages'
[0.682s] [34mcolcon.colcon_core.environment[0m [1;30mLevel 1[0m checking '/home/thiru/Desktop/Buddybot_git/buddy_bot/install/buddy_bot/bin'
[0.684s] [34mcolcon.colcon_core.shell[0m [1;30mINFO[0m Creating package script '/home/thiru/Desktop/Buddybot_git/buddy_bot/install/buddy_bot/share/buddy_bot/package.ps1'
[0.684s] [34mcolcon.colcon_core.shell[0m [1;30mINFO[0m Creating package descriptor '/home/thiru/Desktop/Buddybot_git/buddy_bot/install/buddy_bot/share/buddy_bot/package.dsv'
[0.685s] [34mcolcon.colcon_core.shell[0m [1;30mINFO[0m Creating package script '/home/thiru/Desktop/Buddybot_git/buddy_bot/install/buddy_bot/share/buddy_bot/package.sh'
[0.685s] [34mcolcon.colcon_core.shell[0m [1;30mINFO[0m Creating package script '/home/thiru/Desktop/Buddybot_git/buddy_bot/install/buddy_bot/share/buddy_bot/package.bash'
[0.685s] [34mcolcon.colcon_core.shell[0m [1;30mINFO[0m Creating package script '/home/thiru/Desktop/Buddybot_git/buddy_bot/install/buddy_bot/share/buddy_bot/package.zsh'
[0.686s] [34mcolcon.colcon_core.environment[0m [1;30mLevel 1[0m create_file_with_runtime_dependencies(/home/thiru/Desktop/Buddybot_git/buddy_bot/install/buddy_bot/share/colcon-core/packages/buddy_bot)
[0.686s] [34mcolcon.colcon_parallel_executor.executor.parallel[0m [1;30mDEBUG[0m [32mclosing loop[0m
[0.686s] [34mcolcon.colcon_parallel_executor.executor.parallel[0m [1;30mDEBUG[0m [32mloop closed[0m
[0.686s] [34mcolcon.colcon_parallel_executor.executor.parallel[0m [1;30mDEBUG[0m [32mrun_until_complete finished with '0'[0m
[0.686s] [34mcolcon.colcon_core.event_reactor[0m [1;30mDEBUG[0m [32mjoining thread[0m
[0.692s] [34mcolcon.colcon_core.plugin_system[0m [1;30mINFO[0m Skipping extension 'colcon_notification.desktop_notification.terminal_notifier': Not used on non-Darwin systems
[0.692s] [34mcolcon.colcon_core.plugin_system[0m [1;30mINFO[0m Skipping extension 'colcon_notification.desktop_notification.win32': Not used on non-Windows systems
[0.692s] [34mcolcon.colcon_notification.desktop_notification[0m [1;30mINFO[0m Sending desktop notification using 'notify2'
[0.703s] [34mcolcon.colcon_core.event_reactor[0m [1;30mDEBUG[0m [32mjoined thread[0m
[0.707s] [34mcolcon.colcon_core.shell[0m [1;30mINFO[0m Creating prefix script '/home/thiru/Desktop/Buddybot_git/buddy_bot/install/local_setup.ps1'
[0.709s] [34mcolcon.colcon_core.shell[0m [1;30mINFO[0m Creating prefix util module '/home/thiru/Desktop/Buddybot_git/buddy_bot/install/_local_setup_util_ps1.py'
[0.710s] [34mcolcon.colcon_core.shell[0m [1;30mINFO[0m Creating prefix chain script '/home/thiru/Desktop/Buddybot_git/buddy_bot/install/setup.ps1'
[0.712s] [34mcolcon.colcon_core.shell[0m [1;30mINFO[0m Creating prefix script '/home/thiru/Desktop/Buddybot_git/buddy_bot/install/local_setup.sh'
[0.713s] [34mcolcon.colcon_core.shell[0m [1;30mINFO[0m Creating prefix util module '/home/thiru/Desktop/Buddybot_git/buddy_bot/install/_local_setup_util_sh.py'
[0.713s] [34mcolcon.colcon_core.shell[0m [1;30mINFO[0m Creating prefix chain script '/home/thiru/Desktop/Buddybot_git/buddy_bot/install/setup.sh'
[0.716s] [34mcolcon.colcon_core.shell[0m [1;30mINFO[0m Creating prefix script '/home/thiru/Desktop/Buddybot_git/buddy_bot/install/local_setup.bash'
[0.716s] [34mcolcon.colcon_core.shell[0m [1;30mINFO[0m Creating prefix chain script '/home/thiru/Desktop/Buddybot_git/buddy_bot/install/setup.bash'
[0.719s] [34mcolcon.colcon_core.shell[0m [1;30mINFO[0m Creating prefix script '/home/thiru/Desktop/Buddybot_git/buddy_bot/install/local_setup.zsh'
[0.719s] [34mcolcon.colcon_core.shell[0m [1;30mINFO[0m Creating prefix chain script '/home/thiru/Desktop/Buddybot_git/buddy_bot/install/setup.zsh'
