[0.012s] Invoking command in '/home/thiru/Desktop/Buddybot_git/buddy_bot/build/buddy_bot': CMAKE_PREFIX_PATH=${CMAKE_PREFIX_PATH}:/home/thiru/turtlebot3_ws/install/turtlebot3_teleop:/home/thiru/turtlebot3_ws/install/turtlebot3_example:/home/thiru/turtlebot3_ws/install/turtlebot3_description:/home/thiru/turtlebot3_ws/install/dynamixel_sdk:/opt/ros/humble /home/thiru/.local/bin/cmake /home/thiru/Desktop/Buddybot_git/buddy_bot/src -DAMENT_CMAKE_SYMLINK_INSTALL=1 -DCMAKE_INSTALL_PREFIX=/home/thiru/Desktop/Buddybot_git/buddy_bot/install/buddy_bot
[0.072s] -- The C compiler identification is GNU 11.4.0
[0.115s] -- The CXX compiler identification is GNU 11.4.0
[0.122s] -- Detecting C compiler ABI info
[0.165s] -- Detecting C compiler ABI info - done
[0.172s] -- Check for working C compiler: /usr/bin/cc - skipped
[0.173s] -- Detecting C compile features
[0.173s] -- Detecting C compile features - done
[0.176s] -- Detecting CXX compiler ABI info
[0.225s] -- Detecting CXX compiler ABI info - done
[0.233s] -- Check for working CXX compiler: /usr/bin/c++ - skipped
[0.233s] -- Detecting CXX compile features
[0.233s] -- Detecting CXX compile features - done
[0.236s] -- Found ament_cmake: 1.3.5 (/opt/ros/humble/share/ament_cmake/cmake)
[0.490s] -- Found Python3: /usr/bin/python3.10 (found version "3.10.12") found components: Interpreter 
[0.531s] -- Override CMake install command with custom implementation using symlinks instead of copying resources
[0.557s] -- Found ament_lint_auto: 0.12.7 (/opt/ros/humble/share/ament_lint_auto/cmake)
[0.596s] [31mCMake Error at /opt/ros/humble/share/ament_cmake_core/cmake/core/ament_package_xml.cmake:53 (message):
[0.596s]   ament_package_xml() package name 'buddy_bot' in '/package.xml' does not
[0.596s]   match current PROJECT_NAME 'my_bot'.  You must call project() with the same
[0.596s]   package name before.
[0.597s] Call Stack (most recent call first):
[0.597s]   /opt/ros/humble/share/ament_lint_auto/cmake/ament_lint_auto_find_test_dependencies.cmake:31 (ament_package_xml)
[0.597s]   CMakeLists.txt:32 (ament_lint_auto_find_test_dependencies)
[0.597s] 
[0.597s] [0m
[0.597s] -- Configuring incomplete, errors occurred!
[0.604s] Invoked command in '/home/thiru/Desktop/Buddybot_git/buddy_bot/build/buddy_bot' returned '1': CMAKE_PREFIX_PATH=${CMAKE_PREFIX_PATH}:/home/thiru/turtlebot3_ws/install/turtlebot3_teleop:/home/thiru/turtlebot3_ws/install/turtlebot3_example:/home/thiru/turtlebot3_ws/install/turtlebot3_description:/home/thiru/turtlebot3_ws/install/dynamixel_sdk:/opt/ros/humble /home/thiru/.local/bin/cmake /home/thiru/Desktop/Buddybot_git/buddy_bot/src -DAMENT_CMAKE_SYMLINK_INSTALL=1 -DCMAKE_INSTALL_PREFIX=/home/thiru/Desktop/Buddybot_git/buddy_bot/install/buddy_bot
